0 info it worked if it ends with ok
1 verbose cli [ 'node', '/usr/local/bin/npm', 'publish', './' ]
2 info using npm@1.3.11
3 info using node@v0.10.21
4 verbose publish [ './' ]
5 verbose cache add [ './', null ]
6 verbose cache add name=undefined spec="./" args=["./",null]
7 verbose parsed url { protocol: null,
7 verbose parsed url   slashes: null,
7 verbose parsed url   auth: null,
7 verbose parsed url   host: null,
7 verbose parsed url   port: null,
7 verbose parsed url   hostname: null,
7 verbose parsed url   hash: null,
7 verbose parsed url   search: null,
7 verbose parsed url   query: null,
7 verbose parsed url   pathname: './',
7 verbose parsed url   path: './',
7 verbose parsed url   href: './' }
8 silly lockFile 0ee6c175- ./
9 verbose lock ./ /Users/rtorruellas/.npm/0ee6c175-.lock
10 verbose tar pack [ '/var/folders/w9/7slq2c5j6xg2hm9g9n2s17l40000gn/T/npm-5733-AFMA9TYv/1384536644652-0.8395344105083495/tmp.tgz',
10 verbose tar pack   './' ]
11 verbose tarball /var/folders/w9/7slq2c5j6xg2hm9g9n2s17l40000gn/T/npm-5733-AFMA9TYv/1384536644652-0.8395344105083495/tmp.tgz
12 verbose folder ./
13 silly lockFile 04cb2bca-tar tar://./
14 verbose lock tar://./ /Users/rtorruellas/.npm/04cb2bca-tar.lock
15 silly lockFile 52e18103-44652-0-8395344105083495-tmp-tgz tar:///var/folders/w9/7slq2c5j6xg2hm9g9n2s17l40000gn/T/npm-5733-AFMA9TYv/1384536644652-0.8395344105083495/tmp.tgz
16 verbose lock tar:///var/folders/w9/7slq2c5j6xg2hm9g9n2s17l40000gn/T/npm-5733-AFMA9TYv/1384536644652-0.8395344105083495/tmp.tgz /Users/rtorruellas/.npm/52e18103-44652-0-8395344105083495-tmp-tgz.lock
17 silly lockFile 04cb2bca-tar tar://./
18 silly lockFile 04cb2bca-tar tar://./
19 silly lockFile 52e18103-44652-0-8395344105083495-tmp-tgz tar:///var/folders/w9/7slq2c5j6xg2hm9g9n2s17l40000gn/T/npm-5733-AFMA9TYv/1384536644652-0.8395344105083495/tmp.tgz
20 silly lockFile 52e18103-44652-0-8395344105083495-tmp-tgz tar:///var/folders/w9/7slq2c5j6xg2hm9g9n2s17l40000gn/T/npm-5733-AFMA9TYv/1384536644652-0.8395344105083495/tmp.tgz
21 verbose tar unpack /var/folders/w9/7slq2c5j6xg2hm9g9n2s17l40000gn/T/npm-5733-AFMA9TYv/1384536644652-0.8395344105083495/tmp.tgz
22 silly lockFile 5ae69e1c-44652-0-8395344105083495-package tar:///var/folders/w9/7slq2c5j6xg2hm9g9n2s17l40000gn/T/npm-5733-AFMA9TYv/1384536644652-0.8395344105083495/package
23 verbose lock tar:///var/folders/w9/7slq2c5j6xg2hm9g9n2s17l40000gn/T/npm-5733-AFMA9TYv/1384536644652-0.8395344105083495/package /Users/rtorruellas/.npm/5ae69e1c-44652-0-8395344105083495-package.lock
24 silly lockFile 52e18103-44652-0-8395344105083495-tmp-tgz tar:///var/folders/w9/7slq2c5j6xg2hm9g9n2s17l40000gn/T/npm-5733-AFMA9TYv/1384536644652-0.8395344105083495/tmp.tgz
25 verbose lock tar:///var/folders/w9/7slq2c5j6xg2hm9g9n2s17l40000gn/T/npm-5733-AFMA9TYv/1384536644652-0.8395344105083495/tmp.tgz /Users/rtorruellas/.npm/52e18103-44652-0-8395344105083495-tmp-tgz.lock
26 silly gunzTarPerm modes [ '755', '644' ]
27 silly gunzTarPerm extractEntry package.json
28 silly gunzTarPerm extractEntry README.md
29 silly gunzTarPerm extractEntry index.js
30 silly lockFile 5ae69e1c-44652-0-8395344105083495-package tar:///var/folders/w9/7slq2c5j6xg2hm9g9n2s17l40000gn/T/npm-5733-AFMA9TYv/1384536644652-0.8395344105083495/package
31 silly lockFile 5ae69e1c-44652-0-8395344105083495-package tar:///var/folders/w9/7slq2c5j6xg2hm9g9n2s17l40000gn/T/npm-5733-AFMA9TYv/1384536644652-0.8395344105083495/package
32 silly lockFile 52e18103-44652-0-8395344105083495-tmp-tgz tar:///var/folders/w9/7slq2c5j6xg2hm9g9n2s17l40000gn/T/npm-5733-AFMA9TYv/1384536644652-0.8395344105083495/tmp.tgz
33 silly lockFile 52e18103-44652-0-8395344105083495-tmp-tgz tar:///var/folders/w9/7slq2c5j6xg2hm9g9n2s17l40000gn/T/npm-5733-AFMA9TYv/1384536644652-0.8395344105083495/tmp.tgz
34 verbose tar pack [ '/Users/rtorruellas/.npm/express-writer/0.0.1/package.tgz',
34 verbose tar pack   '/var/folders/w9/7slq2c5j6xg2hm9g9n2s17l40000gn/T/npm-5733-AFMA9TYv/1384536644652-0.8395344105083495/package' ]
35 verbose tarball /Users/rtorruellas/.npm/express-writer/0.0.1/package.tgz
36 verbose folder /var/folders/w9/7slq2c5j6xg2hm9g9n2s17l40000gn/T/npm-5733-AFMA9TYv/1384536644652-0.8395344105083495/package
37 silly lockFile 5ae69e1c-44652-0-8395344105083495-package tar:///var/folders/w9/7slq2c5j6xg2hm9g9n2s17l40000gn/T/npm-5733-AFMA9TYv/1384536644652-0.8395344105083495/package
38 verbose lock tar:///var/folders/w9/7slq2c5j6xg2hm9g9n2s17l40000gn/T/npm-5733-AFMA9TYv/1384536644652-0.8395344105083495/package /Users/rtorruellas/.npm/5ae69e1c-44652-0-8395344105083495-package.lock
39 silly lockFile 30e5dec3-express-writer-0-0-1-package-tgz tar:///Users/rtorruellas/.npm/express-writer/0.0.1/package.tgz
40 verbose lock tar:///Users/rtorruellas/.npm/express-writer/0.0.1/package.tgz /Users/rtorruellas/.npm/30e5dec3-express-writer-0-0-1-package-tgz.lock
41 silly lockFile 5ae69e1c-44652-0-8395344105083495-package tar:///var/folders/w9/7slq2c5j6xg2hm9g9n2s17l40000gn/T/npm-5733-AFMA9TYv/1384536644652-0.8395344105083495/package
42 silly lockFile 5ae69e1c-44652-0-8395344105083495-package tar:///var/folders/w9/7slq2c5j6xg2hm9g9n2s17l40000gn/T/npm-5733-AFMA9TYv/1384536644652-0.8395344105083495/package
43 silly lockFile 30e5dec3-express-writer-0-0-1-package-tgz tar:///Users/rtorruellas/.npm/express-writer/0.0.1/package.tgz
44 silly lockFile 30e5dec3-express-writer-0-0-1-package-tgz tar:///Users/rtorruellas/.npm/express-writer/0.0.1/package.tgz
45 silly lockFile 6d4ed82e-npm-express-writer-0-0-1-package /Users/rtorruellas/.npm/express-writer/0.0.1/package
46 verbose lock /Users/rtorruellas/.npm/express-writer/0.0.1/package /Users/rtorruellas/.npm/6d4ed82e-npm-express-writer-0-0-1-package.lock
47 silly lockFile 6d4ed82e-npm-express-writer-0-0-1-package /Users/rtorruellas/.npm/express-writer/0.0.1/package
48 silly lockFile 6d4ed82e-npm-express-writer-0-0-1-package /Users/rtorruellas/.npm/express-writer/0.0.1/package
49 verbose tar unpack /Users/rtorruellas/.npm/express-writer/0.0.1/package.tgz
50 silly lockFile b1201526-npm-express-writer-0-0-1-package tar:///Users/rtorruellas/.npm/express-writer/0.0.1/package
51 verbose lock tar:///Users/rtorruellas/.npm/express-writer/0.0.1/package /Users/rtorruellas/.npm/b1201526-npm-express-writer-0-0-1-package.lock
52 silly lockFile 30e5dec3-express-writer-0-0-1-package-tgz tar:///Users/rtorruellas/.npm/express-writer/0.0.1/package.tgz
53 verbose lock tar:///Users/rtorruellas/.npm/express-writer/0.0.1/package.tgz /Users/rtorruellas/.npm/30e5dec3-express-writer-0-0-1-package-tgz.lock
54 silly gunzTarPerm modes [ '755', '644' ]
55 silly gunzTarPerm extractEntry package.json
56 silly gunzTarPerm extractEntry README.md
57 silly gunzTarPerm extractEntry index.js
58 silly lockFile b1201526-npm-express-writer-0-0-1-package tar:///Users/rtorruellas/.npm/express-writer/0.0.1/package
59 silly lockFile b1201526-npm-express-writer-0-0-1-package tar:///Users/rtorruellas/.npm/express-writer/0.0.1/package
60 silly lockFile 30e5dec3-express-writer-0-0-1-package-tgz tar:///Users/rtorruellas/.npm/express-writer/0.0.1/package.tgz
61 silly lockFile 30e5dec3-express-writer-0-0-1-package-tgz tar:///Users/rtorruellas/.npm/express-writer/0.0.1/package.tgz
62 verbose chmod /Users/rtorruellas/.npm/express-writer/0.0.1/package.tgz 644
63 verbose chown /Users/rtorruellas/.npm/express-writer/0.0.1/package.tgz [ 501, 20 ]
64 silly lockFile 0ee6c175- ./
65 silly lockFile 0ee6c175- ./
66 silly publish { name: 'express-writer',
66 silly publish   version: '0.0.1',
66 silly publish   description: 'Allows developers to develop like they would in Express, but output rendered html as static files',
66 silly publish   main: 'index.js',
66 silly publish   scripts: { test: 'echo "Error: no test specified" && exit 1' },
66 silly publish   author: { name: 'Richard Torruellas', email: 'rtorruellas@gmail.com' },
66 silly publish   contributors:
66 silly publish    [ { name: 'Richard Torruellas', email: 'rtorruellas@gmail.com' },
66 silly publish      { name: 'Jake Huen', email: 'jacobheun@gmail.com' } ],
66 silly publish   license: 'MIT',
66 silly publish   dependencies: { mkdirp: '~0.3.5' },
66 silly publish   devDependencies: { express: '3.4.4' },
66 silly publish   readme: 'The MIT License (MIT)\n\nCopyright (c) 2013 Richard Torruellas III\n\nPermission is hereby granted, free of charge, to any person obtaining a copy of this software and associated documentation files (the "Software"), to deal in the Software without restriction, including without limitation the rights to use, copy, modify, merge, publish, distribute, sublicense, and/or sell copies of the Software, and to permit persons to whom the Software is furnished to do so, subject to the following conditions:\n\nThe above copyright notice and this permission notice shall be included in all copies or substantial portions of the Software.\n\nTHE SOFTWARE IS PROVIDED "AS IS", WITHOUT WARRANTY OF ANY KIND, EXPRESS OR IMPLIED, INCLUDING BUT NOT LIMITED TO THE WARRANTIES OF MERCHANTABILITY, FITNESS FOR A PARTICULAR PURPOSE AND NONINFRINGEMENT. IN NO EVENT SHALL THE AUTHORS OR COPYRIGHT HOLDERS BE LIABLE FOR ANY CLAIM, DAMAGES OR OTHER LIABILITY, WHETHER IN AN ACTION OF CONTRACT, TORT OR OTHERWISE, ARISING FROM, OUT OF OR IN CONNECTION WITH THE SOFTWARE OR THE USE OR OTHER DEALINGS IN',
66 silly publish   readmeFilename: 'README.md',
66 silly publish   _id: 'express-writer@0.0.1',
66 silly publish   dist: { shasum: '5e2bbe6c1f8412b3e5e48e8da5e2e607b4c54e24' },
66 silly publish   _from: './' }
67 verbose url raw express-writer
68 verbose url resolving [ 'https://registry.npmjs.org/', './express-writer' ]
69 verbose url resolved https://registry.npmjs.org/express-writer
70 error publish Failed PUT response undefined
71 error Error: login error
71 error     at RegClient.<anonymous> (/usr/local/lib/node_modules/npm/node_modules/npm-registry-client/lib/request.js:82:22)
71 error     at CouchLogin.<anonymous> (/usr/local/lib/node_modules/npm/node_modules/npm-registry-client/node_modules/couch-login/couch-login.js:177:14)
71 error     at CouchLogin.<anonymous> (/usr/local/lib/node_modules/npm/node_modules/npm-registry-client/node_modules/couch-login/couch-login.js:159:46)
71 error     at Request.self.callback (/usr/local/lib/node_modules/npm/node_modules/request/request.js:129:22)
71 error     at Request.EventEmitter.emit (events.js:98:17)
71 error     at Request.<anonymous> (/usr/local/lib/node_modules/npm/node_modules/request/request.js:873:14)
71 error     at Request.EventEmitter.emit (events.js:117:20)
71 error     at IncomingMessage.<anonymous> (/usr/local/lib/node_modules/npm/node_modules/request/request.js:824:12)
71 error     at IncomingMessage.EventEmitter.emit (events.js:117:20)
71 error     at _stream_readable.js:920:16
72 error If you need help, you may report this log at:
72 error     <http://github.com/isaacs/npm/issues>
72 error or email it to:
72 error     <npm-@googlegroups.com>
73 error System Darwin 13.0.0
74 error command "node" "/usr/local/bin/npm" "publish" "./"
75 error cwd /Users/rtorruellas/personal/express-writer
76 error node -v v0.10.21
77 error npm -v 1.3.11
78 verbose exit [ 1, true ]
